Change Component Designator: OldDesignator=C4 NewDesignator=C1
Change Component Designator: OldDesignator=C5 NewDesignator=C2
Change Component Designator: OldDesignator=C6 NewDesignator=C3
Change Component Designator: OldDesignator=C7 NewDesignator=C4
Change Component Designator: OldDesignator=C8 NewDesignator=C5
Change Component Designator: OldDesignator=C9 NewDesignator=C6
Change Component Designator: OldDesignator=C10 NewDesignator=C7
Change Component Designator: OldDesignator=C11 NewDesignator=C8
Change Component Designator: OldDesignator=C12 NewDesignator=C9
Change Component Designator: OldDesignator=C13 NewDesignator=C10
Change Component Designator: OldDesignator=C14 NewDesignator=C11
Change Component Designator: OldDesignator=C15 NewDesignator=C12
Change Component Designator: OldDesignator=C16 NewDesignator=C13
Change Component Designator: OldDesignator=C17 NewDesignator=C14
Change Component Designator: OldDesignator=C18 NewDesignator=C15
Change Component Designator: OldDesignator=C19 NewDesignator=C16
Change Component Designator: OldDesignator=J2 NewDesignator=J1
Change Component Designator: OldDesignator=J3 NewDesignator=J2
Change Component Designator: OldDesignator=J4 NewDesignator=J3
Change Component Designator: OldDesignator=J5 NewDesignator=J4
Change Component Designator: OldDesignator=R3 NewDesignator=R1
Change Component Designator: OldDesignator=R4 NewDesignator=R2
Change Component Designator: OldDesignator=R5 NewDesignator=R3
Change Component Designator: OldDesignator=R6 NewDesignator=R4
Change Component Designator: OldDesignator=R7 NewDesignator=R5
Change Component Designator: OldDesignator=R8 NewDesignator=R6
Change Component Designator: OldDesignator=R9 NewDesignator=R7
Change Component Designator: OldDesignator=R10 NewDesignator=R8
Change Component Designator: OldDesignator=R11 NewDesignator=R9
Change Component Designator: OldDesignator=R12 NewDesignator=R10
Change Component Designator: OldDesignator=U4 NewDesignator=U1
Change Component Designator: OldDesignator=U5 NewDesignator=U2
Change Net Name : Old Net Name=NetC18_2 New Net Name=NetC15_2
Change Net Name : Old Net Name=NetC19_2 New Net Name=NetC16_2
Change Net Name : Old Net Name=NetR9_1 New Net Name=NetR7_1
Change Net Name : Old Net Name=NetR10_1 New Net Name=NetR8_1
Change Net Name : Old Net Name=NetR11_2 New Net Name=NetR9_2
Added Member To Class: ClassName=Mainboard Member=Component C2 100nF
Added Member To Class: ClassName=Mainboard Member=Component C3 100nF
Added Member To Class: ClassName=Mainboard Member=Component C4 100nF
Added Member To Class: ClassName=Mainboard Member=Component C5 100nF
Added Member To Class: ClassName=Mainboard Member=Component C6 100nF
Added Member To Class: ClassName=Mainboard Member=Component C7 100nF
Added Member To Class: ClassName=Mainboard Member=Component C8 100nF
Added Member To Class: ClassName=Mainboard Member=Component C9 100nF
Added Member To Class: ClassName=Mainboard Member=Component C10 100nF
Added Member To Class: ClassName=Mainboard Member=Component C11 10nF
Added Member To Class: ClassName=Mainboard Member=Component C12 10nF
Added Member To Class: ClassName=Mainboard Member=Component C13 1µF
Added Member To Class: ClassName=Mainboard Member=Component C14 1µF
Added Member To Class: ClassName=Mainboard Member=Component C16 27pF
Added Member To Class: ClassName=Mainboard Member=Component J1 SM04B-SRSS-TB_LF__SN_
Added Member To Class: ClassName=Mainboard Member=Component J2 Pad
Added Member To Class: ClassName=Mainboard Member=Component R4 10k
Added Member To Class: ClassName=Mainboard Member=Component R6 1k
Added Member To Class: ClassName=Mainboard Member=Component R7 27R
Added Member To Class: ClassName=Mainboard Member=Component R8 27R
Added Member To Class: ClassName=Mainboard Member=Component R9 1k
Added Member To Class: ClassName=Mainboard Member=Component R10 10k
Added Member To Class: ClassName=Mainboard Member=Component U1 W25Q128JVSIQ_TR
Added Member To Class: ClassName=Mainboard Member=Component U2 RP2040
Added Room: Name=Mainboard
Remove Class Member: Failed to remove class member
Remove Class Member: Failed to remove class member
