Removed Pin From Net: NetName=GND Pin=ENC1-1
Removed Pin From Net: NetName=+3V3 Pin=R1-1
Removed Pin From Net: NetName=ENCSW Pin=R1-2
Removed Pin From Net: NetName=ENCSW Pin=U2-14
Removed Member From Class: ClassName=Mainboard Member=R1
Change Component Designator: OldDesignator=BOOT NewDesignator=BOOT1
Change Component Designator: OldDesignator=D14 NewDesignator=D15
Change Component Designator: OldDesignator=D15 NewDesignator=D16
Change Component Designator: OldDesignator=D16 NewDesignator=D17
Change Component Designator: OldDesignator=D17 NewDesignator=D18
Change Component Designator: OldDesignator=D18 NewDesignator=D19
Change Component Designator: OldDesignator=D19 NewDesignator=D20
Change Component Designator: OldDesignator=D20 NewDesignator=D21
Change Component Designator: OldDesignator=D21 NewDesignator=D22
Change Component Designator: OldDesignator=D22 NewDesignator=D23
Change Component Designator: OldDesignator=D23 NewDesignator=D24
Change Component Designator: OldDesignator=D24 NewDesignator=D25
Change Component Designator: OldDesignator=D25 NewDesignator=D26
Change Component Designator: OldDesignator=D26 NewDesignator=D27
Change Component Designator: OldDesignator=D27 NewDesignator=D28
Change Component Designator: OldDesignator=D28 NewDesignator=D29
Change Component Designator: OldDesignator=D29 NewDesignator=D30
Change Component Designator: OldDesignator=D30 NewDesignator=D31
Change Component Designator: OldDesignator=D31 NewDesignator=D32
Change Component Designator: OldDesignator=D32 NewDesignator=D33
Change Component Designator: OldDesignator=D33 NewDesignator=D34
Change Component Designator: OldDesignator=D34 NewDesignator=D35
Change Component Designator: OldDesignator=D35 NewDesignator=D36
Change Component Designator: OldDesignator=D36 NewDesignator=D37
Change Component Designator: OldDesignator=D37 NewDesignator=D38
Change Component Designator: OldDesignator=D38 NewDesignator=D39
Change Component Designator: OldDesignator=D39 NewDesignator=D40
Change Component Designator: OldDesignator=D40 NewDesignator=D41
Change Component Designator: OldDesignator=D41 NewDesignator=D42
Change Component Designator: OldDesignator=D42 NewDesignator=D43
Change Component Designator: OldDesignator=D43 NewDesignator=D44
Change Component Designator: OldDesignator=D44 NewDesignator=D45
Change Component Designator: OldDesignator=D45 NewDesignator=D46
Change Component Designator: OldDesignator=D46 NewDesignator=D47
Change Component Designator: OldDesignator=D47 NewDesignator=D48
Change Component Designator: OldDesignator=D48 NewDesignator=D49
Change Component Designator: OldDesignator=D49 NewDesignator=D50
Change Component Designator: OldDesignator=D50 NewDesignator=D51
Change Component Designator: OldDesignator=D51 NewDesignator=D52
Change Component Designator: OldDesignator=D52 NewDesignator=D53
Change Component Designator: OldDesignator=D53 NewDesignator=D54
Change Component Designator: OldDesignator=D54 NewDesignator=D55
Change Component Designator: OldDesignator=D55 NewDesignator=D56
Change Component Designator: OldDesignator=D56 NewDesignator=D57
Change Component Designator: OldDesignator=D57 NewDesignator=D58
Change Component Designator: OldDesignator=D58 NewDesignator=D59
Change Component Designator: OldDesignator=D59 NewDesignator=D60
Change Component Designator: OldDesignator=D60 NewDesignator=D61
Change Component Designator: OldDesignator=D61 NewDesignator=D62
Change Component Designator: OldDesignator=D62 NewDesignator=D63
Change Component Designator: OldDesignator=D63 NewDesignator=D64
Change Component Designator: OldDesignator=D64 NewDesignator=D65
Change Component Designator: OldDesignator=D65 NewDesignator=D66
Change Component Designator: OldDesignator=D66 NewDesignator=D67
Change Component Designator: OldDesignator=D67 NewDesignator=D68
Change Component Designator: OldDesignator=D68 NewDesignator=D69
Change Component Designator: OldDesignator=D69 NewDesignator=D70
Change Component Designator: OldDesignator=D70 NewDesignator=D71
Change Component Designator: OldDesignator=D71 NewDesignator=D72
Change Component Designator: OldDesignator=D72 NewDesignator=D73
Change Component Designator: OldDesignator=D73 NewDesignator=D74
Change Component Designator: OldDesignator=D74 NewDesignator=D75
Change Component Designator: OldDesignator=D75 NewDesignator=D76
Change Component Designator: OldDesignator=D76 NewDesignator=D77
Change Component Designator: OldDesignator=D77 NewDesignator=D78
Change Component Designator: OldDesignator=D78 NewDesignator=D79
Change Component Designator: OldDesignator=RST NewDesignator=RST1
Added Component: Designator=D14(DIOD-SOD123-2_V)
Add component (AddParameter): Name = "Brand"; Value = "DiodesIncorporated"; VariantName = "[No Variations]"
Add component (AddParameter): Name = "Configuration"; Value = "Single"; VariantName = "[No Variations]"
Add component (AddParameter): Name = "Datasheet URL"; Value = "http://www.farnell.com/datasheets/1915529.pdf"; VariantName = "[No Variations]"
Add component (AddParameter): Name = "Datasheet Version"; Value = "Rev. 24-2, 10/2013"; VariantName = "[No Variations]"
Add component (AddParameter): Name = "Factory Pack Quantity"; Value = "3000"; VariantName = "[No Variations]"
Add component (AddParameter): Name = "Height"; Value = "1.25mm"; VariantName = "[No Variations]"
Add component (AddParameter): Name = "Length"; Value = "2.85mm"; VariantName = "[No Variations]"
Add component (AddParameter): Name = "Manufacturer"; Value = "DiodesIncorporated"; VariantName = "[No Variations]"
Add component (AddParameter): Name = "Manufacturer URL"; Value = "http://www.diodes.com/"; VariantName = "[No Variations]"
Add component (AddParameter): Name = "Max Surge Current"; Value = "2A"; VariantName = "[No Variations]"
Add component (AddParameter): Name = "Maximum Operating Temperature"; Value = "+150C"; VariantName = "[No Variations]"
Add component (AddParameter): Name = "Minimum Operating Temperature"; Value = "-65C"; VariantName = "[No Variations]"
Add component (AddParameter): Name = "Mounting Style"; Value = "SMD/SMT"; VariantName = "[No Variations]"
Add component (AddParameter): Name = "Operating Temperature Range"; Value = "-65Cto+150C"; VariantName = "[No Variations]"
Add component (AddParameter): Name = "Package / Case"; Value = "SOD-123"; VariantName = "[No Variations]"
Add component (AddParameter): Name = "Package Reference"; Value = "SOD123-2"; VariantName = "[No Variations]"
Add component (AddParameter): Name = "Package URL"; Value = "http://www.diodes.com/datasheets/ds18004.pdf"; VariantName = "[No Variations]"
Add component (AddParameter): Name = "Packaging"; Value = "Reel"; VariantName = "[No Variations]"
Add component (AddParameter): Name = "Peak Reverse Voltage"; Value = "100V"; VariantName = "[No Variations]"
Add component (AddParameter): Name = "Product"; Value = "SwitchingDiodes"; VariantName = "[No Variations]"
Add component (AddParameter): Name = "Product Category"; Value = "Diodes-GeneralPurpose,Power,Switching"; VariantName = "[No Variations]"
Add component (AddParameter): Name = "Recovery Time"; Value = "4ns"; VariantName = "[No Variations]"
Add component (AddParameter): Name = "RoHS"; Value = "True"; VariantName = "[No Variations]"
Add component (AddParameter): Name = "Series"; Value = "1N4148"; VariantName = "[No Variations]"
Add component (AddParameter): Name = "Type"; Value = "SwitchingDiode"; VariantName = "[No Variations]"
Add component (AddParameter): Name = "Unit Weight"; Value = "0.000353oz"; VariantName = "[No Variations]"
Add component (AddParameter): Name = "Vf - Forward Voltage"; Value = "1.25V"; VariantName = "[No Variations]"
Add component (AddParameter): Name = "Width"; Value = "1.7mm"; VariantName = "[No Variations]"
Add component (AddParameter): Name = "If - Forward Current"; Value = "0.15A"; VariantName = "[No Variations]"
Add component (AddParameter): Name = "Ir - Reverse Current"; Value = "1uA"; VariantName = "[No Variations]"
Added Pin To Net: NetName=ENCSW Pin=D14-1
Added Pin To Net: NetName=Col14 Pin=D14-2
Added Pin To Net: NetName=Row1 Pin=ENC1-1
Change Net Name : Old Net Name=NetD14_1 New Net Name=NetD15_1
Change Net Name : Old Net Name=NetD15_1 New Net Name=NetD16_1
Change Net Name : Old Net Name=NetD16_1 New Net Name=NetD17_1
Change Net Name : Old Net Name=NetD17_1 New Net Name=NetD18_1
Change Net Name : Old Net Name=NetD18_1 New Net Name=NetD19_1
Change Net Name : Old Net Name=NetD19_1 New Net Name=NetD20_1
Change Net Name : Old Net Name=NetD20_1 New Net Name=NetD21_1
Change Net Name : Old Net Name=NetD21_1 New Net Name=NetD22_1
Change Net Name : Old Net Name=NetD22_1 New Net Name=NetD23_1
Change Net Name : Old Net Name=NetD23_1 New Net Name=NetD24_1
Change Net Name : Old Net Name=NetD24_1 New Net Name=NetD25_1
Change Net Name : Old Net Name=NetD25_1 New Net Name=NetD26_1
Change Net Name : Old Net Name=NetD26_1 New Net Name=NetD27_1
Change Net Name : Old Net Name=NetD27_1 New Net Name=NetD28_1
Change Net Name : Old Net Name=NetD28_1 New Net Name=NetD29_1
Change Net Name : Old Net Name=NetD29_1 New Net Name=NetD30_1
Change Net Name : Old Net Name=NetD30_1 New Net Name=NetD31_1
Change Net Name : Old Net Name=NetD31_1 New Net Name=NetD32_1
Change Net Name : Old Net Name=NetD32_1 New Net Name=NetD33_1
Change Net Name : Old Net Name=NetD33_1 New Net Name=NetD34_1
Change Net Name : Old Net Name=NetD34_1 New Net Name=NetD35_1
Change Net Name : Old Net Name=NetD35_1 New Net Name=NetD36_1
Change Net Name : Old Net Name=NetD36_1 New Net Name=NetD37_1
Change Net Name : Old Net Name=NetD37_1 New Net Name=NetD38_1
Change Net Name : Old Net Name=NetD38_1 New Net Name=NetD39_1
Change Net Name : Old Net Name=NetD39_1 New Net Name=NetD40_1
Change Net Name : Old Net Name=NetD40_1 New Net Name=NetD41_1
Change Net Name : Old Net Name=NetD41_1 New Net Name=NetD42_1
Change Net Name : Old Net Name=NetD42_1 New Net Name=NetD43_1
Change Net Name : Old Net Name=NetD43_1 New Net Name=NetD44_1
Change Net Name : Old Net Name=NetD44_1 New Net Name=NetD45_1
Change Net Name : Old Net Name=NetD45_1 New Net Name=NetD46_1
Change Net Name : Old Net Name=NetD46_1 New Net Name=NetD47_1
Change Net Name : Old Net Name=NetD47_1 New Net Name=NetD48_1
Change Net Name : Old Net Name=NetD48_1 New Net Name=NetD49_1
Change Net Name : Old Net Name=NetD49_1 New Net Name=NetD50_1
Change Net Name : Old Net Name=NetD50_1 New Net Name=NetD51_1
Change Net Name : Old Net Name=NetD51_1 New Net Name=NetD52_1
Change Net Name : Old Net Name=NetD52_1 New Net Name=NetD53_1
Change Net Name : Old Net Name=NetD53_1 New Net Name=NetD54_1
Change Net Name : Old Net Name=NetD54_1 New Net Name=NetD55_1
Change Net Name : Old Net Name=NetD55_1 New Net Name=NetD56_1
Change Net Name : Old Net Name=NetD56_1 New Net Name=NetD57_1
Change Net Name : Old Net Name=NetD57_1 New Net Name=NetD58_1
Change Net Name : Old Net Name=NetD58_1 New Net Name=NetD59_1
Change Net Name : Old Net Name=NetD59_1 New Net Name=NetD60_1
Change Net Name : Old Net Name=NetD60_1 New Net Name=NetD61_1
Change Net Name : Old Net Name=NetD61_1 New Net Name=NetD62_1
Change Net Name : Old Net Name=NetD62_1 New Net Name=NetD63_1
Change Net Name : Old Net Name=NetD63_1 New Net Name=NetD64_1
Change Net Name : Old Net Name=NetD64_1 New Net Name=NetD65_1
Change Net Name : Old Net Name=NetD65_1 New Net Name=NetD66_1
Change Net Name : Old Net Name=NetD66_1 New Net Name=NetD67_1
Change Net Name : Old Net Name=NetD67_1 New Net Name=NetD68_1
Change Net Name : Old Net Name=NetD68_1 New Net Name=NetD69_1
Change Net Name : Old Net Name=NetD69_1 New Net Name=NetD70_1
Change Net Name : Old Net Name=NetD70_1 New Net Name=NetD71_1
Change Net Name : Old Net Name=NetD71_1 New Net Name=NetD72_1
Change Net Name : Old Net Name=NetD72_1 New Net Name=NetD73_1
Change Net Name : Old Net Name=NetD73_1 New Net Name=NetD74_1
Change Net Name : Old Net Name=NetD74_1 New Net Name=NetD75_1
Change Net Name : Old Net Name=NetD75_1 New Net Name=NetD76_1
Change Net Name : Old Net Name=NetD76_1 New Net Name=NetD77_1
Change Net Name : Old Net Name=NetD77_1 New Net Name=NetD78_1
Change Net Name : Old Net Name=NetD78_1 New Net Name=NetD79_1
Added Member To Class: ClassName=Mainboard Member=Component C5 100nF
Added Member To Class: ClassName=Mainboard Member=Component C7 100nF
Added Member To Class: ClassName=Mainboard Member=Component C9 100nF
Added Member To Class: ClassName=Mainboard Member=Component C11 10nF
Added Member To Class: ClassName=Mainboard Member=Component C12 10nF
Added Member To Class: ClassName=Mainboard Member=Component C13 1µF
Added Member To Class: ClassName=Mainboard Member=Component C14 1µF
Added Member To Class: ClassName=Mainboard Member=Component C16 27pF
Added Member To Class: ClassName=Mainboard Member=Component D79 1N4148W-7-F
Added Member To Class: ClassName=Mainboard Member=Component J3 Pad
Added Member To Class: ClassName=Mainboard Member=Component R4 10k
Added Member To Class: ClassName=Mainboard Member=Component R7 27R
Added Member To Class: ClassName=Mainboard Member=Component R9 1k
Added Member To Class: ClassName=Mainboard Member=Component R10 10k
Added Room: Name=Mainboard
